<?xml version="1.0" encoding="UTF-8"?>
<!-- Generated by org.testng.reporters.JUnitReportReporter -->
<testsuite name="scripts.Acti_time3" tests="1" time="73.998" ignored="0" failures="0" timestamp="05 Nov 2019 10:54:51 GMT" skipped="0" hostname="LAPTOP-VNPRV150" errors="0">
  <testcase name="test" time="73.998" classname="scripts.Acti_time3"/>
</testsuite> <!-- scripts.Acti_time3 -->
